TN:
SF:/home/oleks/_projects_/Tournament/src/polyfills.ts
FNF:0
FNH:0
LF:0
LH:0
BRF:0
BRH:0
end_of_record
TN:
SF:/home/oleks/_projects_/Tournament/src/test.ts
FNF:0
FNH:0
DA:13,1
DA:18,1
DA:20,1
LF:3
LH:3
BRF:0
BRH:0
end_of_record
TN:
SF:/home/oleks/_projects_/Tournament/src/app/app-routing.module.ts
FNF:0
FNH:0
DA:6,1
DA:14,1
LF:2
LH:2
BRF:0
BRH:0
end_of_record
TN:
SF:/home/oleks/_projects_/Tournament/src/app/app.component.ts
FN:3,(anonymous_0)
FNF:1
FNH:1
FNDA:2,(anonymous_0)
DA:8,1
DA:9,2
LF:2
LH:2
BRF:0
BRH:0
end_of_record
TN:
SF:/home/oleks/_projects_/Tournament/src/app/forms/sign-up/sign-up.component.ts
FN:13,(anonymous_0)
FN:25,(anonymous_1)
FN:33,(anonymous_2)
FN:41,(anonymous_3)
FN:47,(anonymous_4)
FN:51,(anonymous_5)
FNF:6
FNH:5
FNDA:7,(anonymous_0)
FNDA:1,(anonymous_1)
FNDA:2,(anonymous_2)
FNDA:1,(anonymous_3)
FNDA:0,(anonymous_4)
FNDA:7,(anonymous_5)
DA:11,1
DA:14,7
DA:17,7
DA:23,7
DA:26,1
DA:27,0
DA:29,1
DA:34,2
DA:35,1
DA:36,1
DA:37,1
DA:42,1
DA:43,0
DA:48,0
LF:14
LH:11
BRDA:26,0,0,0
BRDA:26,0,1,1
BRDA:34,1,0,1
BRDA:34,1,1,1
BRDA:36,2,0,1
BRDA:36,2,1,0
BRDA:42,3,0,0
BRDA:42,3,1,1
BRDA:42,4,0,1
BRDA:42,4,1,0
BRF:10
BRH:6
end_of_record
TN:
SF:/home/oleks/_projects_/Tournament/src/app/home/home.component.ts
FN:10,(anonymous_0)
FN:12,(anonymous_1)
FNF:2
FNH:2
FNDA:3,(anonymous_0)
FNDA:1,(anonymous_1)
DA:8,1
LF:1
LH:1
BRF:0
BRH:0
end_of_record
TN:
SF:/home/oleks/_projects_/Tournament/src/app/services/http-request/http-request.service.ts
FN:14,(anonymous_0)
FN:18,(anonymous_1)
FN:22,(anonymous_2)
FNF:3
FNH:1
FNDA:2,(anonymous_0)
FNDA:0,(anonymous_1)
FNDA:0,(anonymous_2)
DA:10,1
DA:12,2
DA:15,2
DA:19,0
DA:23,0
LF:5
LH:3
BRF:0
BRH:0
end_of_record
TN:
SF:/home/oleks/_projects_/Tournament/src/app/services/store/user/user.service.ts
FN:12,(anonymous_0)
FN:20,(anonymous_1)
FN:24,(anonymous_2)
FN:28,(anonymous_3)
FNF:4
FNH:1
FNDA:1,(anonymous_0)
FNDA:0,(anonymous_1)
FNDA:0,(anonymous_2)
FNDA:0,(anonymous_3)
DA:10,1
DA:13,1
DA:16,1
DA:18,1
DA:21,0
DA:25,0
DA:29,0
LF:7
LH:4
BRF:0
BRH:0
end_of_record
TN:
SF:/home/oleks/_projects_/Tournament/src/environments/environment.ts
FNF:0
FNH:0
DA:5,1
LF:1
LH:1
BRF:0
BRH:0
end_of_record
